0 info it worked if it ends with ok
1 verbose cli [ '/Users/bernie/.nvm/versions/node/v7.1.0/bin/node',
1 verbose cli   '/Users/bernie/.nvm/versions/node/v7.1.0/bin/npm',
1 verbose cli   'start' ]
2 info using npm@3.10.9
3 info using node@v7.1.0
4 verbose run-script [ 'prestart', 'start', 'poststart' ]
5 info lifecycle inspire-api@0.1.0~prestart: inspire-api@0.1.0
6 silly lifecycle inspire-api@0.1.0~prestart: no script for prestart, continuing
7 info lifecycle inspire-api@0.1.0~start: inspire-api@0.1.0
8 verbose lifecycle inspire-api@0.1.0~start: unsafe-perm in lifecycle true
9 verbose lifecycle inspire-api@0.1.0~start: PATH: /Users/bernie/.nvm/versions/node/v7.1.0/lib/node_modules/npm/bin/node-gyp-bin:/Users/bernie/Code/inspire-api/node_modules/.bin:/usr/local/heroku/bin:/Users/bernie/.nvm/versions/node/v7.1.0/bin:/usr/local/opt/php56/bin:/Users/bernie/.rvm/gems/ruby-2.0.0-p353/bin:/Users/bernie/.rvm/gems/ruby-2.0.0-p353@global/bin:/Users/bernie/.rvm/rubies/ruby-2.0.0-p353/bin:/usr/bin:/bin:/usr/sbin:/sbin:/usr/local/bin:/Users/bernie/Documents/Sites/NodeBot/mongodb/bin/mongo:/opt/X11/bin:/usr/local/MacGPG2/bin:/Users/bernie/.rvm/bin:/usr/local/sbin:/Applications/Postgres.app/Contents/Versions/latest/bin:/Users/bernie/Library/Android/sdk/tools:/Users/bernie/Library/Android/sdk/platform-tools
10 verbose lifecycle inspire-api@0.1.0~start: CWD: /Users/bernie/Code/inspire-api
11 silly lifecycle inspire-api@0.1.0~start: Args: [ '-c', 'node ./server.js' ]
12 silly lifecycle inspire-api@0.1.0~start: Returned: code: 1  signal: null
13 info lifecycle inspire-api@0.1.0~start: Failed to exec start script
14 verbose stack Error: inspire-api@0.1.0 start: `node ./server.js`
14 verbose stack Exit status 1
14 verbose stack     at EventEmitter.<anonymous> (/Users/bernie/.nvm/versions/node/v7.1.0/lib/node_modules/npm/lib/utils/lifecycle.js:255:16)
14 verbose stack     at emitTwo (events.js:106:13)
14 verbose stack     at EventEmitter.emit (events.js:191:7)
14 verbose stack     at ChildProcess.<anonymous> (/Users/bernie/.nvm/versions/node/v7.1.0/lib/node_modules/npm/lib/utils/spawn.js:40:14)
14 verbose stack     at emitTwo (events.js:106:13)
14 verbose stack     at ChildProcess.emit (events.js:191:7)
14 verbose stack     at maybeClose (internal/child_process.js:885:16)
14 verbose stack     at Process.ChildProcess._handle.onexit (internal/child_process.js:226:5)
15 verbose pkgid inspire-api@0.1.0
16 verbose cwd /Users/bernie/Code/inspire-api
17 error Darwin 15.6.0
18 error argv "/Users/bernie/.nvm/versions/node/v7.1.0/bin/node" "/Users/bernie/.nvm/versions/node/v7.1.0/bin/npm" "start"
19 error node v7.1.0
20 error npm  v3.10.9
21 error code ELIFECYCLE
22 error inspire-api@0.1.0 start: `node ./server.js`
22 error Exit status 1
23 error Failed at the inspire-api@0.1.0 start script 'node ./server.js'.
23 error Make sure you have the latest version of node.js and npm installed.
23 error If you do, this is most likely a problem with the inspire-api package,
23 error not with npm itself.
23 error Tell the author that this fails on your system:
23 error     node ./server.js
23 error You can get information on how to open an issue for this project with:
23 error     npm bugs inspire-api
23 error Or if that isn't available, you can get their info via:
23 error     npm owner ls inspire-api
23 error There is likely additional logging output above.
24 verbose exit [ 1, true ]
